1
0.00000
1
1.00000 1.00000 1.00000 1 0

1
0.00000
1
1.00000 1.00000 1.00000 1 1

6
2.68701
2
1.00000 1.00000 1.00000 1 0
1.00000 1.50000 1.50000 1 0

12
2.68701
2
1.00000 1.00000 1.00000 1 1
1.00000 1.50000 1.50000 1 0

6
2.68701
2
1.00000 1.00000 1.00000 1 1
1.00000 1.50000 1.50000 1 1

3
3.80000
2
1.00000 1.00000 1.00000 1 0
1.00000 2.00000 1.00000 1 0

6
3.80000
2
1.00000 1.00000 1.00000 1 1
1.00000 2.00000 1.00000 1 0

3
3.80000
2
1.00000 1.00000 1.00000 1 1
1.00000 2.00000 1.00000 1 1

12
4.65403
2
1.00000 1.00000 1.00000 1 0
0.50000 2.00000 0.50000 1 0

24
4.65403
2
1.00000 1.00000 1.00000 1 1
0.50000 2.00000 0.50000 1 0

12
4.65403
2
1.00000 1.00000 1.00000 1 1
0.50000 2.00000 0.50000 1 1

6
5.37401
2
1.00000 1.00000 1.00000 1 0
0.00000 2.00000 1.00000 1 0

12
5.37401
2
1.00000 1.00000 1.00000 1 1
0.00000 2.00000 1.00000 1 0

6
5.37401
2
1.00000 1.00000 1.00000 1 1
0.00000 2.00000 1.00000 1 1

8
2.68701
3
1.00000 1.00000 1.00000 1 0
1.00000 1.50000 1.50000 1 0
0.50000 1.00000 1.50000 1 0

24
2.68701
3
1.00000 1.00000 1.00000 1 1
1.00000 1.50000 1.50000 1 0
0.50000 1.00000 1.50000 1 0

24
2.68701
3
1.00000 1.00000 1.00000 1 1
1.00000 1.50000 1.50000 1 1
0.50000 1.00000 1.50000 1 0

8
2.68701
3
1.00000 1.00000 1.00000 1 1
1.00000 1.50000 1.50000 1 1
0.50000 1.00000 1.50000 1 1

12
3.80000
3
1.00000 1.00000 1.00000 1 0
1.00000 1.50000 1.50000 1 0
1.00000 2.00000 1.00000 1 0

24
3.80000
3
1.00000 1.00000 1.00000 1 1
1.00000 1.50000 1.50000 1 0
1.00000 2.00000 1.00000 1 0

12
3.80000
3
1.00000 1.00000 1.00000 1 0
1.00000 1.50000 1.50000 1 1
1.00000 2.00000 1.00000 1 0

24
3.80000
3
1.00000 1.00000 1.00000 1 1
1.00000 1.50000 1.50000 1 1
1.00000 2.00000 1.00000 1 0

12
3.80000
3
1.00000 1.00000 1.00000 1 1
1.00000 1.50000 1.50000 1 0
1.00000 2.00000 1.00000 1 1

12
3.80000
3
1.00000 1.00000 1.00000 1 1
1.00000 1.50000 1.50000 1 1
1.00000 2.00000 1.00000 1 1

24
4.65403
3
1.00000 1.00000 1.00000 1 0
1.00000 1.50000 1.50000 1 0
0.50000 2.00000 0.50000 1 0

48
4.65403
3
1.00000 1.00000 1.00000 1 1
1.00000 1.50000 1.50000 1 0
0.50000 2.00000 0.50000 1 0

24
4.65403
3
1.00000 1.00000 1.00000 1 1
1.00000 1.50000 1.50000 1 1
0.50000 2.00000 0.50000 1 0

24
4.65403
3
1.00000 1.00000 1.00000 1 0
1.00000 1.50000 1.50000 1 0
0.50000 2.00000 0.50000 1 1

48
4.65403
3
1.00000 1.00000 1.00000 1 1
1.00000 1.50000 1.50000 1 0
0.50000 2.00000 0.50000 1 1

24
4.65403
3
1.00000 1.00000 1.00000 1 1
1.00000 1.50000 1.50000 1 1
0.50000 2.00000 0.50000 1 1

24
4.65403
3
1.00000 1.00000 1.00000 1 0
0.50000 1.00000 0.50000 1 0
0.50000 2.00000 0.50000 1 0

24
4.65403
3
1.00000 1.00000 1.00000 1 1
0.50000 1.00000 0.50000 1 0
0.50000 2.00000 0.50000 1 0

24
4.65403
3
1.00000 1.00000 1.00000 1 0
0.50000 1.00000 0.50000 1 1
0.50000 2.00000 0.50000 1 0

24
4.65403
3
1.00000 1.00000 1.00000 1 1
0.50000 1.00000 0.50000 1 1
0.50000 2.00000 0.50000 1 0

24
4.65403
3
1.00000 1.00000 1.00000 1 0
0.50000 1.00000 0.50000 1 0
0.50000 2.00000 0.50000 1 1

24
4.65403
3
1.00000 1.00000 1.00000 1 1
0.50000 1.00000 0.50000 1 0
0.50000 2.00000 0.50000 1 1

24
4.65403
3
1.00000 1.00000 1.00000 1 0
0.50000 1.00000 0.50000 1 1
0.50000 2.00000 0.50000 1 1

24
4.65403
3
1.00000 1.00000 1.00000 1 1
0.50000 1.00000 0.50000 1 1
0.50000 2.00000 0.50000 1 1

24
4.65403
3
1.00000 1.00000 1.00000 1 0
0.50000 1.50000 1.00000 1 0
0.50000 2.00000 0.50000 1 0

48
4.65403
3
1.00000 1.00000 1.00000 1 1
0.50000 1.50000 1.00000 1 0
0.50000 2.00000 0.50000 1 0

24
4.65403
3
1.00000 1.00000 1.00000 1 0
0.50000 1.50000 1.00000 1 1
0.50000 2.00000 0.50000 1 0

48
4.65403
3
1.00000 1.00000 1.00000 1 1
0.50000 1.50000 1.00000 1 1
0.50000 2.00000 0.50000 1 0

24
4.65403
3
1.00000 1.00000 1.00000 1 1
0.50000 1.50000 1.00000 1 0
0.50000 2.00000 0.50000 1 1

24
4.65403
3
1.00000 1.00000 1.00000 1 1
0.50000 1.50000 1.00000 1 1
0.50000 2.00000 0.50000 1 1

24
4.65403
3
1.00000 1.00000 1.00000 1 0
0.00000 1.00000 1.00000 1 0
0.50000 2.00000 0.50000 1 0

48
4.65403
3
1.00000 1.00000 1.00000 1 1
0.00000 1.00000 1.00000 1 0
0.50000 2.00000 0.50000 1 0

24
4.65403
3
1.00000 1.00000 1.00000 1 1
0.00000 1.00000 1.00000 1 1
0.50000 2.00000 0.50000 1 0

24
4.65403
3
1.00000 1.00000 1.00000 1 0
0.00000 1.00000 1.00000 1 0
0.50000 2.00000 0.50000 1 1

48
4.65403
3
1.00000 1.00000 1.00000 1 1
0.00000 1.00000 1.00000 1 0
0.50000 2.00000 0.50000 1 1

24
4.65403
3
1.00000 1.00000 1.00000 1 1
0.00000 1.00000 1.00000 1 1
0.50000 2.00000 0.50000 1 1

8
4.65403
3
1.00000 1.00000 1.00000 1 0
1.50000 1.50000 0.00000 1 0
0.50000 2.00000 0.50000 1 0

24
4.65403
3
1.00000 1.00000 1.00000 1 1
1.50000 1.50000 0.00000 1 0
0.50000 2.00000 0.50000 1 0

24
4.65403
3
1.00000 1.00000 1.00000 1 1
1.50000 1.50000 0.00000 1 1
0.50000 2.00000 0.50000 1 0

8
4.65403
3
1.00000 1.00000 1.00000 1 1
1.50000 1.50000 0.00000 1 1
0.50000 2.00000 0.50000 1 1

2
2.68701
4
1.00000 1.00000 1.00000 1 0
0.50000 1.50000 1.00000 1 0
1.00000 1.50000 1.50000 1 0
0.50000 1.00000 1.50000 1 0

8
2.68701
4
1.00000 1.00000 1.00000 1 1
0.50000 1.50000 1.00000 1 0
1.00000 1.50000 1.50000 1 0
0.50000 1.00000 1.50000 1 0

12
2.68701
4
1.00000 1.00000 1.00000 1 1
0.50000 1.50000 1.00000 1 1
1.00000 1.50000 1.50000 1 0
0.50000 1.00000 1.50000 1 0

8
2.68701
4
1.00000 1.00000 1.00000 1 1
0.50000 1.50000 1.00000 1 1
1.00000 1.50000 1.50000 1 1
0.50000 1.00000 1.50000 1 0

2
2.68701
4
1.00000 1.00000 1.00000 1 1
0.50000 1.50000 1.00000 1 1
1.00000 1.50000 1.50000 1 1
0.50000 1.00000 1.50000 1 1

12
3.80000
4
1.00000 1.00000 1.00000 1 0
0.50000 1.50000 1.00000 1 0
1.00000 1.50000 1.50000 1 0
1.00000 2.00000 1.00000 1 0

24
3.80000
4
1.00000 1.00000 1.00000 1 1
0.50000 1.50000 1.00000 1 0
1.00000 1.50000 1.50000 1 0
1.00000 2.00000 1.00000 1 0

24
3.80000
4
1.00000 1.00000 1.00000 1 0
0.50000 1.50000 1.00000 1 1
1.00000 1.50000 1.50000 1 0
1.00000 2.00000 1.00000 1 0

48
3.80000
4
1.00000 1.00000 1.00000 1 1
0.50000 1.50000 1.00000 1 1
1.00000 1.50000 1.50000 1 0
1.00000 2.00000 1.00000 1 0

12
3.80000
4
1.00000 1.00000 1.00000 1 0
0.50000 1.50000 1.00000 1 1
1.00000 1.50000 1.50000 1 1
1.00000 2.00000 1.00000 1 0

24
3.80000
4
1.00000 1.00000 1.00000 1 1
0.50000 1.50000 1.00000 1 1
1.00000 1.50000 1.50000 1 1
1.00000 2.00000 1.00000 1 0

12
3.80000
4
1.00000 1.00000 1.00000 1 1
0.50000 1.50000 1.00000 1 0
1.00000 1.50000 1.50000 1 0
1.00000 2.00000 1.00000 1 1

24
3.80000
4
1.00000 1.00000 1.00000 1 1
0.50000 1.50000 1.00000 1 1
1.00000 1.50000 1.50000 1 0
1.00000 2.00000 1.00000 1 1

12
3.80000
4
1.00000 1.00000 1.00000 1 1
0.50000 1.50000 1.00000 1 1
1.00000 1.50000 1.50000 1 1
1.00000 2.00000 1.00000 1 1

3
3.80000
4
1.00000 1.00000 1.00000 1 0
1.00000 1.50000 0.50000 1 0
1.00000 1.50000 1.50000 1 0
1.00000 2.00000 1.00000 1 0

12
3.80000
4
1.00000 1.00000 1.00000 1 1
1.00000 1.50000 0.50000 1 0
1.00000 1.50000 1.50000 1 0
1.00000 2.00000 1.00000 1 0

12
3.80000
4
1.00000 1.00000 1.00000 1 1
1.00000 1.50000 0.50000 1 1
1.00000 1.50000 1.50000 1 0
1.00000 2.00000 1.00000 1 0

6
3.80000
4
1.00000 1.00000 1.00000 1 0
1.00000 1.50000 0.50000 1 1
1.00000 1.50000 1.50000 1 1
1.00000 2.00000 1.00000 1 0

12
3.80000
4
1.00000 1.00000 1.00000 1 1
1.00000 1.50000 0.50000 1 1
1.00000 1.50000 1.50000 1 1
1.00000 2.00000 1.00000 1 0

3
3.80000
4
1.00000 1.00000 1.00000 1 1
1.00000 1.50000 0.50000 1 1
1.00000 1.50000 1.50000 1 1
1.00000 2.00000 1.00000 1 1

48
4.65403
4
1.00000 1.00000 1.00000 1 0
0.50000 1.00000 0.50000 1 0
1.00000 1.50000 1.50000 1 0
0.50000 2.00000 0.50000 1 0

48
4.65403
4
1.00000 1.00000 1.00000 1 1
0.50000 1.00000 0.50000 1 0
1.00000 1.50000 1.50000 1 0
0.50000 2.00000 0.50000 1 0

48
4.65403
4
1.00000 1.00000 1.00000 1 0
0.50000 1.00000 0.50000 1 1
1.00000 1.50000 1.50000 1 0
0.50000 2.00000 0.50000 1 0

48
4.65403
4
1.00000 1.00000 1.00000 1 1
0.50000 1.00000 0.50000 1 1
1.00000 1.50000 1.50000 1 0
0.50000 2.00000 0.50000 1 0

48
4.65403
4
1.00000 1.00000 1.00000 1 0
0.50000 1.00000 0.50000 1 0
1.00000 1.50000 1.50000 1 1
0.50000 2.00000 0.50000 1 0

48
4.65403
4
1.00000 1.00000 1.00000 1 1
0.50000 1.00000 0.50000 1 0
1.00000 1.50000 1.50000 1 1
0.50000 2.00000 0.50000 1 0

48
4.65403
4
1.00000 1.00000 1.00000 1 0
0.50000 1.00000 0.50000 1 1
1.00000 1.50000 1.50000 1 1
0.50000 2.00000 0.50000 1 0

48
4.65403
4
1.00000 1.00000 1.00000 1 1
0.50000 1.00000 0.50000 1 1
1.00000 1.50000 1.50000 1 1
0.50000 2.00000 0.50000 1 0

48
4.65403
4
1.00000 1.00000 1.00000 1 0
0.50000 1.00000 0.50000 1 0
1.00000 1.50000 1.50000 1 0
0.50000 2.00000 0.50000 1 1

48
4.65403
4
1.00000 1.00000 1.00000 1 1
0.50000 1.00000 0.50000 1 0
1.00000 1.50000 1.50000 1 0
0.50000 2.00000 0.50000 1 1

48
4.65403
4
1.00000 1.00000 1.00000 1 0
0.50000 1.00000 0.50000 1 1
1.00000 1.50000 1.50000 1 0
0.50000 2.00000 0.50000 1 1

48
4.65403
4
1.00000 1.00000 1.00000 1 1
0.50000 1.00000 0.50000 1 1
1.00000 1.50000 1.50000 1 0
0.50000 2.00000 0.50000 1 1

48
4.65403
4
1.00000 1.00000 1.00000 1 0
0.50000 1.00000 0.50000 1 0
1.00000 1.50000 1.50000 1 1
0.50000 2.00000 0.50000 1 1

48
4.65403
4
1.00000 1.00000 1.00000 1 1
0.50000 1.00000 0.50000 1 0
1.00000 1.50000 1.50000 1 1
0.50000 2.00000 0.50000 1 1

48
4.65403
4
1.00000 1.00000 1.00000 1 0
0.50000 1.00000 0.50000 1 1
1.00000 1.50000 1.50000 1 1
0.50000 2.00000 0.50000 1 1

48
4.65403
4
1.00000 1.00000 1.00000 1 1
0.50000 1.00000 0.50000 1 1
1.00000 1.50000 1.50000 1 1
0.50000 2.00000 0.50000 1 1

24
4.65403
4
1.00000 1.00000 1.00000 1 0
0.50000 1.50000 1.00000 1 0
1.00000 1.50000 1.50000 1 0
0.50000 2.00000 0.50000 1 0

48
4.65403
4
1.00000 1.00000 1.00000 1 1
0.50000 1.50000 1.00000 1 0
1.00000 1.50000 1.50000 1 0
0.50000 2.00000 0.50000 1 0

24
4.65403
4
1.00000 1.00000 1.00000 1 0
0.50000 1.50000 1.00000 1 1
1.00000 1.50000 1.50000 1 0
0.50000 2.00000 0.50000 1 0

48
4.65403
4
1.00000 1.00000 1.00000 1 1
0.50000 1.50000 1.00000 1 1
1.00000 1.50000 1.50000 1 0
0.50000 2.00000 0.50000 1 0

24
4.65403
4
1.00000 1.00000 1.00000 1 1
0.50000 1.50000 1.00000 1 0
1.00000 1.50000 1.50000 1 1
0.50000 2.00000 0.50000 1 0

24
4.65403
4
1.00000 1.00000 1.00000 1 1
0.50000 1.50000 1.00000 1 1
1.00000 1.50000 1.50000 1 1
0.50000 2.00000 0.50000 1 0

24
4.65403
4
1.00000 1.00000 1.00000 1 0
0.50000 1.50000 1.00000 1 0
1.00000 1.50000 1.50000 1 0
0.50000 2.00000 0.50000 1 1

48
4.65403
4
1.00000 1.00000 1.00000 1 1
0.50000 1.50000 1.00000 1 0
1.00000 1.50000 1.50000 1 0
0.50000 2.00000 0.50000 1 1

24
4.65403
4
1.00000 1.00000 1.00000 1 0
0.50000 1.50000 1.00000 1 1
1.00000 1.50000 1.50000 1 0
0.50000 2.00000 0.50000 1 1

48
4.65403
4
1.00000 1.00000 1.00000 1 1
0.50000 1.50000 1.00000 1 1
1.00000 1.50000 1.50000 1 0
0.50000 2.00000 0.50000 1 1

24
4.65403
4
1.00000 1.00000 1.00000 1 1
0.50000 1.50000 1.00000 1 0
1.00000 1.50000 1.50000 1 1
0.50000 2.00000 0.50000 1 1

24
4.65403
4
1.00000 1.00000 1.00000 1 1
0.50000 1.50000 1.00000 1 1
1.00000 1.50000 1.50000 1 1
0.50000 2.00000 0.50000 1 1

8
4.65403
4
1.00000 1.00000 1.00000 1 0
1.50000 1.50000 1.00000 1 0
1.00000 1.50000 1.50000 1 0
0.50000 2.00000 0.50000 1 0

24
4.65403
4
1.00000 1.00000 1.00000 1 1
1.50000 1.50000 1.00000 1 0
1.00000 1.50000 1.50000 1 0
0.50000 2.00000 0.50000 1 0

24
4.65403
4
1.00000 1.00000 1.00000 1 1
1.50000 1.50000 1.00000 1 1
1.00000 1.50000 1.50000 1 0
0.50000 2.00000 0.50000 1 0

8
4.65403
4
1.00000 1.00000 1.00000 1 1
1.50000 1.50000 1.00000 1 1
1.00000 1.50000 1.50000 1 1
0.50000 2.00000 0.50000 1 0

8
4.65403
4
1.00000 1.00000 1.00000 1 0
1.50000 1.50000 1.00000 1 0
1.00000 1.50000 1.50000 1 0
0.50000 2.00000 0.50000 1 1

24
4.65403
4
1.00000 1.00000 1.00000 1 1
1.50000 1.50000 1.00000 1 0
1.00000 1.50000 1.50000 1 0
0.50000 2.00000 0.50000 1 1

24
4.65403
4
1.00000 1.00000 1.00000 1 1
1.50000 1.50000 1.00000 1 1
1.00000 1.50000 1.50000 1 0
0.50000 2.00000 0.50000 1 1

8
4.65403
4
1.00000 1.00000 1.00000 1 1
1.50000 1.50000 1.00000 1 1
1.00000 1.50000 1.50000 1 1
0.50000 2.00000 0.50000 1 1

48
4.65403
4
1.00000 1.00000 1.00000 1 0
1.00000 1.50000 0.50000 1 0
1.00000 1.50000 1.50000 1 0
0.50000 2.00000 0.50000 1 0

48
4.65403
4
1.00000 1.00000 1.00000 1 1
1.00000 1.50000 0.50000 1 0
1.00000 1.50000 1.50000 1 0
0.50000 2.00000 0.50000 1 0

48
4.65403
4
1.00000 1.00000 1.00000 1 0
1.00000 1.50000 0.50000 1 1
1.00000 1.50000 1.50000 1 0
0.50000 2.00000 0.50000 1 0

48
4.65403
4
1.00000 1.00000 1.00000 1 1
1.00000 1.50000 0.50000 1 1
1.00000 1.50000 1.50000 1 0
0.50000 2.00000 0.50000 1 0

48
4.65403
4
1.00000 1.00000 1.00000 1 0
1.00000 1.50000 0.50000 1 0
1.00000 1.50000 1.50000 1 1
0.50000 2.00000 0.50000 1 0

48
4.65403
4
1.00000 1.00000 1.00000 1 1
1.00000 1.50000 0.50000 1 0
1.00000 1.50000 1.50000 1 1
0.50000 2.00000 0.50000 1 0

48
4.65403
4
1.00000 1.00000 1.00000 1 0
1.00000 1.50000 0.50000 1 1
1.00000 1.50000 1.50000 1 1
0.50000 2.00000 0.50000 1 0

48
4.65403
4
1.00000 1.00000 1.00000 1 1
1.00000 1.50000 0.50000 1 1
1.00000 1.50000 1.50000 1 1
0.50000 2.00000 0.50000 1 0

48
4.65403
4
1.00000 1.00000 1.00000 1 0
1.00000 1.50000 0.50000 1 0
1.00000 1.50000 1.50000 1 0
0.50000 2.00000 0.50000 1 1

48
4.65403
4
1.00000 1.00000 1.00000 1 1
1.00000 1.50000 0.50000 1 0
1.00000 1.50000 1.50000 1 0
0.50000 2.00000 0.50000 1 1

48
4.65403
4
1.00000 1.00000 1.00000 1 0
1.00000 1.50000 0.50000 1 1
1.00000 1.50000 1.50000 1 0
0.50000 2.00000 0.50000 1 1

48
4.65403
4
1.00000 1.00000 1.00000 1 1
1.00000 1.50000 0.50000 1 1
1.00000 1.50000 1.50000 1 0
0.50000 2.00000 0.50000 1 1

48
4.65403
4
1.00000 1.00000 1.00000 1 0
1.00000 1.50000 0.50000 1 0
1.00000 1.50000 1.50000 1 1
0.50000 2.00000 0.50000 1 1

48
4.65403
4
1.00000 1.00000 1.00000 1 1
1.00000 1.50000 0.50000 1 0
1.00000 1.50000 1.50000 1 1
0.50000 2.00000 0.50000 1 1

48
4.65403
4
1.00000 1.00000 1.00000 1 0
1.00000 1.50000 0.50000 1 1
1.00000 1.50000 1.50000 1 1
0.50000 2.00000 0.50000 1 1

48
4.65403
4
1.00000 1.00000 1.00000 1 1
1.00000 1.50000 0.50000 1 1
1.00000 1.50000 1.50000 1 1
0.50000 2.00000 0.50000 1 1

48
4.65403
4
1.00000 1.00000 1.00000 1 0
0.50000 1.50000 1.00000 1 0
0.50000 1.00000 0.50000 1 0
0.50000 2.00000 0.50000 1 0

48
4.65403
4
1.00000 1.00000 1.00000 1 1
0.50000 1.50000 1.00000 1 0
0.50000 1.00000 0.50000 1 0
0.50000 2.00000 0.50000 1 0

48
4.65403
4
1.00000 1.00000 1.00000 1 0
0.50000 1.50000 1.00000 1 1
0.50000 1.00000 0.50000 1 0
0.50000 2.00000 0.50000 1 0

48
4.65403
4
1.00000 1.00000 1.00000 1 1
0.50000 1.50000 1.00000 1 1
0.50000 1.00000 0.50000 1 0
0.50000 2.00000 0.50000 1 0

48
4.65403
4
1.00000 1.00000 1.00000 1 0
0.50000 1.50000 1.00000 1 0
0.50000 1.00000 0.50000 1 1
0.50000 2.00000 0.50000 1 0

48
4.65403
4
1.00000 1.00000 1.00000 1 1
0.50000 1.50000 1.00000 1 0
0.50000 1.00000 0.50000 1 1
0.50000 2.00000 0.50000 1 0

48
4.65403
4
1.00000 1.00000 1.00000 1 0
0.50000 1.50000 1.00000 1 1
0.50000 1.00000 0.50000 1 1
0.50000 2.00000 0.50000 1 0

48
4.65403
4
1.00000 1.00000 1.00000 1 1
0.50000 1.50000 1.00000 1 1
0.50000 1.00000 0.50000 1 1
0.50000 2.00000 0.50000 1 0

48
4.65403
4
1.00000 1.00000 1.00000 1 0
0.50000 1.50000 1.00000 1 0
0.50000 1.00000 0.50000 1 0
0.50000 2.00000 0.50000 1 1

48
4.65403
4
1.00000 1.00000 1.00000 1 1
0.50000 1.50000 1.00000 1 0
0.50000 1.00000 0.50000 1 0
0.50000 2.00000 0.50000 1 1

48
4.65403
4
1.00000 1.00000 1.00000 1 0
0.50000 1.50000 1.00000 1 1
0.50000 1.00000 0.50000 1 0
0.50000 2.00000 0.50000 1 1

48
4.65403
4
1.00000 1.00000 1.00000 1 1
0.50000 1.50000 1.00000 1 1
0.50000 1.00000 0.50000 1 0
0.50000 2.00000 0.50000 1 1

48
4.65403
4
1.00000 1.00000 1.00000 1 0
0.50000 1.50000 1.00000 1 0
0.50000 1.00000 0.50000 1 1
0.50000 2.00000 0.50000 1 1

48
4.65403
4
1.00000 1.00000 1.00000 1 1
0.50000 1.50000 1.00000 1 0
0.50000 1.00000 0.50000 1 1
0.50000 2.00000 0.50000 1 1

48
4.65403
4
1.00000 1.00000 1.00000 1 0
0.50000 1.50000 1.00000 1 1
0.50000 1.00000 0.50000 1 1
0.50000 2.00000 0.50000 1 1

48
4.65403
4
1.00000 1.00000 1.00000 1 1
0.50000 1.50000 1.00000 1 1
0.50000 1.00000 0.50000 1 1
0.50000 2.00000 0.50000 1 1

12
4.65403
4
1.00000 1.00000 1.00000 1 0
1.00000 1.50000 0.50000 1 0
0.50000 1.50000 1.00000 1 0
0.50000 2.00000 0.50000 1 0

24
4.65403
4
1.00000 1.00000 1.00000 1 1
1.00000 1.50000 0.50000 1 0
0.50000 1.50000 1.00000 1 0
0.50000 2.00000 0.50000 1 0

24
4.65403
4
1.00000 1.00000 1.00000 1 0
1.00000 1.50000 0.50000 1 1
0.50000 1.50000 1.00000 1 0
0.50000 2.00000 0.50000 1 0

48
4.65403
4
1.00000 1.00000 1.00000 1 1
1.00000 1.50000 0.50000 1 1
0.50000 1.50000 1.00000 1 0
0.50000 2.00000 0.50000 1 0

12
4.65403
4
1.00000 1.00000 1.00000 1 0
1.00000 1.50000 0.50000 1 1
0.50000 1.50000 1.00000 1 1
0.50000 2.00000 0.50000 1 0

24
4.65403
4
1.00000 1.00000 1.00000 1 1
1.00000 1.50000 0.50000 1 1
0.50000 1.50000 1.00000 1 1
0.50000 2.00000 0.50000 1 0

12
4.65403
4
1.00000 1.00000 1.00000 1 1
1.00000 1.50000 0.50000 1 0
0.50000 1.50000 1.00000 1 0
0.50000 2.00000 0.50000 1 1

24
4.65403
4
1.00000 1.00000 1.00000 1 1
1.00000 1.50000 0.50000 1 1
0.50000 1.50000 1.00000 1 0
0.50000 2.00000 0.50000 1 1

12
4.65403
4
1.00000 1.00000 1.00000 1 1
1.00000 1.50000 0.50000 1 1
0.50000 1.50000 1.00000 1 1
0.50000 2.00000 0.50000 1 1

6
4.65403
4
1.00000 1.00000 1.00000 1 0
0.50000 1.00000 0.50000 1 0
1.00000 2.00000 1.00000 1 0
0.50000 2.00000 0.50000 1 0

24
4.65403
4
1.00000 1.00000 1.00000 1 1
0.50000 1.00000 0.50000 1 0
1.00000 2.00000 1.00000 1 0
0.50000 2.00000 0.50000 1 0

12
4.65403
4
1.00000 1.00000 1.00000 1 1
0.50000 1.00000 0.50000 1 1
1.00000 2.00000 1.00000 1 0
0.50000 2.00000 0.50000 1 0

12
4.65403
4
1.00000 1.00000 1.00000 1 1
0.50000 1.00000 0.50000 1 0
1.00000 2.00000 1.00000 1 1
0.50000 2.00000 0.50000 1 0

12
4.65403
4
1.00000 1.00000 1.00000 1 0
0.50000 1.00000 0.50000 1 1
1.00000 2.00000 1.00000 1 1
0.50000 2.00000 0.50000 1 0

24
4.65403
4
1.00000 1.00000 1.00000 1 1
0.50000 1.00000 0.50000 1 1
1.00000 2.00000 1.00000 1 1
0.50000 2.00000 0.50000 1 0

6
4.65403
4
1.00000 1.00000 1.00000 1 1
0.50000 1.00000 0.50000 1 1
1.00000 2.00000 1.00000 1 1
0.50000 2.00000 0.50000 1 1

48
4.65403
4
1.00000 1.00000 1.00000 1 0
1.00000 1.50000 1.50000 1 0
0.00000 1.00000 1.00000 1 0
0.50000 2.00000 0.50000 1 0

48
4.65403
4
1.00000 1.00000 1.00000 1 1
1.00000 1.50000 1.50000 1 0
0.00000 1.00000 1.00000 1 0
0.50000 2.00000 0.50000 1 0

48
4.65403
4
1.00000 1.00000 1.00000 1 0
1.00000 1.50000 1.50000 1 1
0.00000 1.00000 1.00000 1 0
0.50000 2.00000 0.50000 1 0

48
4.65403
4
1.00000 1.00000 1.00000 1 1
1.00000 1.50000 1.50000 1 1
0.00000 1.00000 1.00000 1 0
0.50000 2.00000 0.50000 1 0

48
4.65403
4
1.00000 1.00000 1.00000 1 0
1.00000 1.50000 1.50000 1 0
0.00000 1.00000 1.00000 1 1
0.50000 2.00000 0.50000 1 0

48
4.65403
4
1.00000 1.00000 1.00000 1 1
1.00000 1.50000 1.50000 1 0
0.00000 1.00000 1.00000 1 1
0.50000 2.00000 0.50000 1 0

48
4.65403
4
1.00000 1.00000 1.00000 1 0
1.00000 1.50000 1.50000 1 1
0.00000 1.00000 1.00000 1 1
0.50000 2.00000 0.50000 1 0

48
4.65403
4
1.00000 1.00000 1.00000 1 1
1.00000 1.50000 1.50000 1 1
0.00000 1.00000 1.00000 1 1
0.50000 2.00000 0.50000 1 0

48
4.65403
4
1.00000 1.00000 1.00000 1 0
1.00000 1.50000 1.50000 1 0
0.00000 1.00000 1.00000 1 0
0.50000 2.00000 0.50000 1 1

48
4.65403
4
1.00000 1.00000 1.00000 1 1
1.00000 1.50000 1.50000 1 0
0.00000 1.00000 1.00000 1 0
0.50000 2.00000 0.50000 1 1

48
4.65403
4
1.00000 1.00000 1.00000 1 0
1.00000 1.50000 1.50000 1 1
0.00000 1.00000 1.00000 1 0
0.50000 2.00000 0.50000 1 1

48
4.65403
4
1.00000 1.00000 1.00000 1 1
1.00000 1.50000 1.50000 1 1
0.00000 1.00000 1.00000 1 0
0.50000 2.00000 0.50000 1 1

48
4.65403
4
1.00000 1.00000 1.00000 1 0
1.00000 1.50000 1.50000 1 0
0.00000 1.00000 1.00000 1 1
0.50000 2.00000 0.50000 1 1

48
4.65403
4
1.00000 1.00000 1.00000 1 1
1.00000 1.50000 1.50000 1 0
0.00000 1.00000 1.00000 1 1
0.50000 2.00000 0.50000 1 1

48
4.65403
4
1.00000 1.00000 1.00000 1 0
1.00000 1.50000 1.50000 1 1
0.00000 1.00000 1.00000 1 1
0.50000 2.00000 0.50000 1 1

48
4.65403
4
1.00000 1.00000 1.00000 1 1
1.00000 1.50000 1.50000 1 1
0.00000 1.00000 1.00000 1 1
0.50000 2.00000 0.50000 1 1

24
4.65403
4
1.00000 1.00000 1.00000 1 0
0.50000 1.00000 0.50000 1 0
0.00000 1.00000 1.00000 1 0
0.50000 2.00000 0.50000 1 0

48
4.65403
4
1.00000 1.00000 1.00000 1 1
0.50000 1.00000 0.50000 1 0
0.00000 1.00000 1.00000 1 0
0.50000 2.00000 0.50000 1 0

24
4.65403
4
1.00000 1.00000 1.00000 1 0
0.50000 1.00000 0.50000 1 1
0.00000 1.00000 1.00000 1 0
0.50000 2.00000 0.50000 1 0

48
4.65403
4
1.00000 1.00000 1.00000 1 1
0.50000 1.00000 0.50000 1 1
0.00000 1.00000 1.00000 1 0
0.50000 2.00000 0.50000 1 0

24
4.65403
4
1.00000 1.00000 1.00000 1 1
0.50000 1.00000 0.50000 1 0
0.00000 1.00000 1.00000 1 1
0.50000 2.00000 0.50000 1 0

24
4.65403
4
1.00000 1.00000 1.00000 1 1
0.50000 1.00000 0.50000 1 1
0.00000 1.00000 1.00000 1 1
0.50000 2.00000 0.50000 1 0

24
4.65403
4
1.00000 1.00000 1.00000 1 0
0.50000 1.00000 0.50000 1 0
0.00000 1.00000 1.00000 1 0
0.50000 2.00000 0.50000 1 1

48
4.65403
4
1.00000 1.00000 1.00000 1 1
0.50000 1.00000 0.50000 1 0
0.00000 1.00000 1.00000 1 0
0.50000 2.00000 0.50000 1 1

24
4.65403
4
1.00000 1.00000 1.00000 1 0
0.50000 1.00000 0.50000 1 1
0.00000 1.00000 1.00000 1 0
0.50000 2.00000 0.50000 1 1

48
4.65403
4
1.00000 1.00000 1.00000 1 1
0.50000 1.00000 0.50000 1 1
0.00000 1.00000 1.00000 1 0
0.50000 2.00000 0.50000 1 1

24
4.65403
4
1.00000 1.00000 1.00000 1 1
0.50000 1.00000 0.50000 1 0
0.00000 1.00000 1.00000 1 1
0.50000 2.00000 0.50000 1 1

24
4.65403
4
1.00000 1.00000 1.00000 1 1
0.50000 1.00000 0.50000 1 1
0.00000 1.00000 1.00000 1 1
0.50000 2.00000 0.50000 1 1

24
4.65403
4
1.00000 1.00000 1.00000 1 0
0.50000 1.50000 1.00000 1 0
0.00000 1.00000 1.00000 1 0
0.50000 2.00000 0.50000 1 0

48
4.65403
4
1.00000 1.00000 1.00000 1 1
0.50000 1.50000 1.00000 1 0
0.00000 1.00000 1.00000 1 0
0.50000 2.00000 0.50000 1 0

24
4.65403
4
1.00000 1.00000 1.00000 1 0
0.50000 1.50000 1.00000 1 1
0.00000 1.00000 1.00000 1 0
0.50000 2.00000 0.50000 1 0

48
4.65403
4
1.00000 1.00000 1.00000 1 1
0.50000 1.50000 1.00000 1 1
0.00000 1.00000 1.00000 1 0
0.50000 2.00000 0.50000 1 0

24
4.65403
4
1.00000 1.00000 1.00000 1 1
0.50000 1.50000 1.00000 1 0
0.00000 1.00000 1.00000 1 1
0.50000 2.00000 0.50000 1 0

24
4.65403
4
1.00000 1.00000 1.00000 1 1
0.50000 1.50000 1.00000 1 1
0.00000 1.00000 1.00000 1 1
0.50000 2.00000 0.50000 1 0

24
4.65403
4
1.00000 1.00000 1.00000 1 0
0.50000 1.50000 1.00000 1 0
0.00000 1.00000 1.00000 1 0
0.50000 2.00000 0.50000 1 1

48
4.65403
4
1.00000 1.00000 1.00000 1 1
0.50000 1.50000 1.00000 1 0
0.00000 1.00000 1.00000 1 0
0.50000 2.00000 0.50000 1 1

24
4.65403
4
1.00000 1.00000 1.00000 1 0
0.50000 1.50000 1.00000 1 1
0.00000 1.00000 1.00000 1 0
0.50000 2.00000 0.50000 1 1

48
4.65403
4
1.00000 1.00000 1.00000 1 1
0.50000 1.50000 1.00000 1 1
0.00000 1.00000 1.00000 1 0
0.50000 2.00000 0.50000 1 1

24
4.65403
4
1.00000 1.00000 1.00000 1 1
0.50000 1.50000 1.00000 1 0
0.00000 1.00000 1.00000 1 1
0.50000 2.00000 0.50000 1 1

24
4.65403
4
1.00000 1.00000 1.00000 1 1
0.50000 1.50000 1.00000 1 1
0.00000 1.00000 1.00000 1 1
0.50000 2.00000 0.50000 1 1

12
4.65403
4
1.00000 1.00000 1.00000 1 0
1.00000 1.00000 0.00000 1 0
0.00000 1.50000 0.50000 1 0
0.50000 2.00000 0.50000 1 0

24
4.65403
4
1.00000 1.00000 1.00000 1 1
1.00000 1.00000 0.00000 1 0
0.00000 1.50000 0.50000 1 0
0.50000 2.00000 0.50000 1 0

12
4.65403
4
1.00000 1.00000 1.00000 1 1
1.00000 1.00000 0.00000 1 1
0.00000 1.50000 0.50000 1 0
0.50000 2.00000 0.50000 1 0

24
4.65403
4
1.00000 1.00000 1.00000 1 0
1.00000 1.00000 0.00000 1 0
0.00000 1.50000 0.50000 1 1
0.50000 2.00000 0.50000 1 0

48
4.65403
4
1.00000 1.00000 1.00000 1 1
1.00000 1.00000 0.00000 1 0
0.00000 1.50000 0.50000 1 1
0.50000 2.00000 0.50000 1 0

24
4.65403
4
1.00000 1.00000 1.00000 1 1
1.00000 1.00000 0.00000 1 1
0.00000 1.50000 0.50000 1 1
0.50000 2.00000 0.50000 1 0

12
4.65403
4
1.00000 1.00000 1.00000 1 0
1.00000 1.00000 0.00000 1 0
0.00000 1.50000 0.50000 1 1
0.50000 2.00000 0.50000 1 1

24
4.65403
4
1.00000 1.00000 1.00000 1 1
1.00000 1.00000 0.00000 1 0
0.00000 1.50000 0.50000 1 1
0.50000 2.00000 0.50000 1 1

12
4.65403
4
1.00000 1.00000 1.00000 1 1
1.00000 1.00000 0.00000 1 1
0.00000 1.50000 0.50000 1 1
0.50000 2.00000 0.50000 1 1

6
4.65403
4
1.00000 1.00000 1.00000 1 0
0.00000 1.00000 1.00000 1 0
0.50000 2.00000 1.50000 1 0
0.50000 2.00000 0.50000 1 0

24
4.65403
4
1.00000 1.00000 1.00000 1 1
0.00000 1.00000 1.00000 1 0
0.50000 2.00000 1.50000 1 0
0.50000 2.00000 0.50000 1 0

12
4.65403
4
1.00000 1.00000 1.00000 1 1
0.00000 1.00000 1.00000 1 1
0.50000 2.00000 1.50000 1 0
0.50000 2.00000 0.50000 1 0

24
4.65403
4
1.00000 1.00000 1.00000 1 1
0.00000 1.00000 1.00000 1 0
0.50000 2.00000 1.50000 1 1
0.50000 2.00000 0.50000 1 0

24
4.65403
4
1.00000 1.00000 1.00000 1 1
0.00000 1.00000 1.00000 1 1
0.50000 2.00000 1.50000 1 1
0.50000 2.00000 0.50000 1 0

6
4.65403
4
1.00000 1.00000 1.00000 1 1
0.00000 1.00000 1.00000 1 1
0.50000 2.00000 1.50000 1 1
0.50000 2.00000 0.50000 1 1

8
4.65403
4
1.00000 1.00000 1.00000 1 0
1.00000 1.50000 0.50000 1 0
1.50000 1.50000 0.00000 1 0
0.50000 2.00000 0.50000 1 0

24
4.65403
4
1.00000 1.00000 1.00000 1 1
1.00000 1.50000 0.50000 1 0
1.50000 1.50000 0.00000 1 0
0.50000 2.00000 0.50000 1 0

8
4.65403
4
1.00000 1.00000 1.00000 1 0
1.00000 1.50000 0.50000 1 1
1.50000 1.50000 0.00000 1 0
0.50000 2.00000 0.50000 1 0

24
4.65403
4
1.00000 1.00000 1.00000 1 1
1.00000 1.50000 0.50000 1 1
1.50000 1.50000 0.00000 1 0
0.50000 2.00000 0.50000 1 0

24
4.65403
4
1.00000 1.00000 1.00000 1 1
1.00000 1.50000 0.50000 1 0
1.50000 1.50000 0.00000 1 1
0.50000 2.00000 0.50000 1 0

24
4.65403
4
1.00000 1.00000 1.00000 1 1
1.00000 1.50000 0.50000 1 1
1.50000 1.50000 0.00000 1 1
0.50000 2.00000 0.50000 1 0

8
4.65403
4
1.00000 1.00000 1.00000 1 1
1.00000 1.50000 0.50000 1 0
1.50000 1.50000 0.00000 1 1
0.50000 2.00000 0.50000 1 1

8
4.65403
4
1.00000 1.00000 1.00000 1 1
1.00000 1.50000 0.50000 1 1
1.50000 1.50000 0.00000 1 1
0.50000 2.00000 0.50000 1 1

